# JRE version: Java(TM) SE Runtime Environment (8.0_25-b18) (build 1.8.0_25-b18)
# Java VM: Java HotSpot(TM) 64-Bit Server VM (25.25-b02 mixed mode windows-amd64 compressed oops)
Heap:
 PSYoungGen      total 254464K, used 53301K [0x00000000eab00000, 0x00000000ff680000, 0x0000000100000000)
  eden space 172544K, 5% used [0x00000000eab00000,0x00000000eb445350,0x00000000f5380000)
  from space 81920K, 53% used [0x00000000fa680000,0x00000000fd148238,0x00000000ff680000)
  to   space 83456K, 0% used [0x00000000f5380000,0x00000000f5380000,0x00000000fa500000)
 ParOldGen       total 294912K, used 210562K [0x00000000c0000000, 0x00000000d2000000, 0x00000000eab00000)
  object space 294912K, 71% used [0x00000000c0000000,0x00000000ccda0b78,0x00000000d2000000)
 Metaspace       used 151390K, capacity 160776K, committed 160896K, reserved 1191936K
  class space    used 16257K, capacity 19070K, committed 19072K, reserved 1048576K
GC Heap History (10 events):
Event: 337.435 GC heap before
{Heap before GC invocations=68 (full 10):
 PSYoungGen      total 239616K, used 170146K [0x00000000eab00000, 0x00000000ff300000, 0x0000000100000000)
  eden space 144896K, 100% used [0x00000000eab00000,0x00000000f3880000,0x00000000f3880000)
  from space 94720K, 26% used [0x00000000f3880000,0x00000000f5128888,0x00000000f9500000)
  to   space 88576K, 0% used [0x00000000f9c80000,0x00000000f9c80000,0x00000000ff300000)
 ParOldGen       total 294912K, used 210530K [0x00000000c0000000, 0x00000000d2000000, 0x00000000eab00000)
  object space 294912K, 71% used [0x00000000c0000000,0x00000000ccd98b78,0x00000000d2000000)
 Metaspace       used 148387K, capacity 157446K, committed 157568K, reserved 1187840K
  class space    used 16023K, capacity 18787K, committed 18816K, reserved 1048576K
Event: 337.513 GC heap after
Heap after GC invocations=68 (full 10):
 PSYoungGen      total 235008K, used 30590K [0x00000000eab00000, 0x00000000fe900000, 0x0000000100000000)
  eden space 156672K, 0% used [0x00000000eab00000,0x00000000eab00000,0x00000000f4400000)
  from space 78336K, 39% used [0x00000000f9c80000,0x00000000fba5f928,0x00000000fe900000)
  to   space 84480K, 0% used [0x00000000f4400000,0x00000000f4400000,0x00000000f9680000)
 ParOldGen       total 294912K, used 210538K [0x00000000c0000000, 0x00000000d2000000, 0x00000000eab00000)
  object space 294912K, 71% used [0x00000000c0000000,0x00000000ccd9ab78,0x00000000d2000000)
 Metaspace       used 148387K, capacity 157446K, committed 157568K, reserved 1187840K
  class space    used 16023K, capacity 18787K, committed 18816K, reserved 1048576K
}
Event: 354.945 GC heap before
{Heap before GC invocations=69 (full 10):
 PSYoungGen      total 235008K, used 187262K [0x00000000eab00000, 0x00000000fe900000, 0x0000000100000000)
  eden space 156672K, 100% used [0x00000000eab00000,0x00000000f4400000,0x00000000f4400000)
  from space 78336K, 39% used [0x00000000f9c80000,0x00000000fba5f928,0x00000000fe900000)
  to   space 84480K, 0% used [0x00000000f4400000,0x00000000f4400000,0x00000000f9680000)
 ParOldGen       total 294912K, used 210538K [0x00000000c0000000, 0x00000000d2000000, 0x00000000eab00000)
  object space 294912K, 71% used [0x00000000c0000000,0x00000000ccd9ab78,0x00000000d2000000)
 Metaspace       used 149597K, capacity 158794K, committed 158976K, reserved 1189888K
  class space    used 16131K, capacity 18905K, committed 18944K, reserved 1048576K
Event: 355.059 GC heap after
Heap after GC invocations=69 (full 10):
 PSYoungGen      total 241152K, used 36709K [0x00000000eab00000, 0x00000000ff180000, 0x0000000100000000)
  eden space 156672K, 0% used [0x00000000eab00000,0x00000000eab00000,0x00000000f4400000)
  from space 84480K, 43% used [0x00000000f4400000,0x00000000f67d9768,0x00000000f9680000)
  to   space 83456K, 0% used [0x00000000fa000000,0x00000000fa000000,0x00000000ff180000)
 ParOldGen       total 294912K, used 210546K [0x00000000c0000000, 0x00000000d2000000, 0x00000000eab00000)
  object space 294912K, 71% used [0x00000000c0000000,0x00000000ccd9cb78,0x00000000d2000000)
 Metaspace       used 149597K, capacity 158794K, committed 158976K, reserved 1189888K
  class space    used 16131K, capacity 18905K, committed 18944K, reserved 1048576K
}
Event: 382.140 GC heap before
{Heap before GC invocations=70 (full 10):
 PSYoungGen      total 241152K, used 193381K [0x00000000eab00000, 0x00000000ff180000, 0x0000000100000000)
  eden space 156672K, 100% used [0x00000000eab00000,0x00000000f4400000,0x00000000f4400000)
  from space 84480K, 43% used [0x00000000f4400000,0x00000000f67d9768,0x00000000f9680000)
  to   space 83456K, 0% used [0x00000000fa000000,0x00000000fa000000,0x00000000ff180000)
 ParOldGen       total 294912K, used 210546K [0x00000000c0000000, 0x00000000d2000000, 0x00000000eab00000)
  object space 294912K, 71% used [0x00000000c0000000,0x00000000ccd9cb78,0x00000000d2000000)
 Metaspace       used 150420K, capacity 159726K, committed 159872K, reserved 1189888K
  class space    used 16203K, capacity 18991K, committed 19072K, reserved 1048576K
Event: 382.303 GC heap after
Heap after GC invocations=70 (full 10):
 PSYoungGen      total 247808K, used 40733K [0x00000000eab00000, 0x00000000ff000000, 0x0000000100000000)
  eden space 165888K, 0% used [0x00000000eab00000,0x00000000eab00000,0x00000000f4d00000)
  from space 81920K, 49% used [0x00000000fa000000,0x00000000fc7c77f8,0x00000000ff000000)
  to   space 83456K, 0% used [0x00000000f4d00000,0x00000000f4d00000,0x00000000f9e80000)
 ParOldGen       total 294912K, used 210554K [0x00000000c0000000, 0x00000000d2000000, 0x00000000eab00000)
  object space 294912K, 71% used [0x00000000c0000000,0x00000000ccd9eb78,0x00000000d2000000)
 Metaspace       used 150420K, capacity 159726K, committed 159872K, reserved 1189888K
  class space    used 16203K, capacity 18991K, committed 19072K, reserved 1048576K
}
Event: 415.955 GC heap before
{Heap before GC invocations=71 (full 10):
 PSYoungGen      total 247808K, used 206621K [0x00000000eab00000, 0x00000000ff000000, 0x0000000100000000)
  eden space 165888K, 100% used [0x00000000eab00000,0x00000000f4d00000,0x00000000f4d00000)
  from space 81920K, 49% used [0x00000000fa000000,0x00000000fc7c77f8,0x00000000ff000000)
  to   space 83456K, 0% used [0x00000000f4d00000,0x00000000f4d00000,0x00000000f9e80000)
 ParOldGen       total 294912K, used 210554K [0x00000000c0000000, 0x00000000d2000000, 0x00000000eab00000)
  object space 294912K, 71% used [0x00000000c0000000,0x00000000ccd9eb78,0x00000000d2000000)
 Metaspace       used 150813K, capacity 160200K, committed 160384K, reserved 1189888K
  class space    used 16238K, capacity 19038K, committed 19072K, reserved 1048576K
Event: 416.062 GC heap after
Heap after GC invocations=71 (full 10):
 PSYoungGen      total 249344K, used 42080K [0x00000000eab00000, 0x00000000ff800000, 0x0000000100000000)
  eden space 165888K, 0% used [0x00000000eab00000,0x00000000eab00000,0x00000000f4d00000)
  from space 83456K, 50% used [0x00000000f4d00000,0x00000000f7618300,0x00000000f9e80000)
  to   space 83456K, 0% used [0x00000000fa680000,0x00000000fa680000,0x00000000ff800000)
 ParOldGen       total 294912K, used 210562K [0x00000000c0000000, 0x00000000d2000000, 0x00000000eab00000)
  object space 294912K, 71% used [0x00000000c0000000,0x00000000ccda0b78,0x00000000d2000000)
 Metaspace       used 150813K, capacity 160200K, committed 160384K, reserved 1189888K
  class space    used 16238K, capacity 19038K, committed 19072K, reserved 1048576K
}
Event: 510.238 GC heap before
{Heap before GC invocations=72 (full 10):
 PSYoungGen      total 249344K, used 207968K [0x00000000eab00000, 0x00000000ff800000, 0x0000000100000000)
  eden space 165888K, 100% used [0x00000000eab00000,0x00000000f4d00000,0x00000000f4d00000)
  from space 83456K, 50% used [0x00000000f4d00000,0x00000000f7618300,0x00000000f9e80000)
  to   space 83456K, 0% used [0x00000000fa680000,0x00000000fa680000,0x00000000ff800000)
 ParOldGen       total 294912K, used 210562K [0x00000000c0000000, 0x00000000d2000000, 0x00000000eab00000)
  object space 294912K, 71% used [0x00000000c0000000,0x00000000ccda0b78,0x00000000d2000000)
 Metaspace       used 151373K, capacity 160764K, committed 160896K, reserved 1191936K
  class space    used 16256K, capacity 19068K, committed 19072K, reserved 1048576K
Event: 510.331 GC heap after
Heap after GC invocations=72 (full 10):
 PSYoungGen      total 254464K, used 43808K [0x00000000eab00000, 0x00000000ff680000, 0x0000000100000000)
  eden space 172544K, 0% used [0x00000000eab00000,0x00000000eab00000,0x00000000f5380000)
  from space 81920K, 53% used [0x00000000fa680000,0x00000000fd148238,0x00000000ff680000)
  to   space 83456K, 0% used [0x00000000f5380000,0x00000000f5380000,0x00000000fa500000)
 ParOldGen       total 294912K, used 210562K [0x00000000c0000000, 0x00000000d2000000, 0x00000000eab00000)
  object space 294912K, 71% used [0x00000000c0000000,0x00000000ccda0b78,0x00000000d2000000)
 Metaspace       used 151373K, capacity 160764K, committed 160896K, reserved 1191936K
  class space    used 16256K, capacity 19068K, committed 19072K, reserved 1048576K
}

