# JRE version: Java(TM) SE Runtime Environment (8.0_25-b18) (build 1.8.0_25-b18)
# Java VM: Java HotSpot(TM) 64-Bit Server VM (25.25-b02 mixed mode windows-amd64 compressed oops)
Heap:
 PSYoungGen      total 247808K, used 75025K [0x00000000eab00000, 0x00000000fb980000, 0x0000000100000000)
  eden space 244224K, 29% used [0x00000000eab00000,0x00000000ef0f32b8,0x00000000f9980000)
  from space 3584K, 94% used [0x00000000fb080000,0x00000000fb3d1368,0x00000000fb400000)
  to   space 5632K, 0% used [0x00000000fb400000,0x00000000fb400000,0x00000000fb980000)
 ParOldGen       total 345088K, used 211795K [0x00000000c0000000, 0x00000000d5100000, 0x00000000eab00000)
  object space 345088K, 61% used [0x00000000c0000000,0x00000000cced4eb8,0x00000000d5100000)
 Metaspace       used 150556K, capacity 159626K, committed 163712K, reserved 1193984K
  class space    used 15873K, capacity 18561K, committed 19584K, reserved 1048576K
GC Heap History (10 events):
Event: 59700.520 GC heap before
{Heap before GC invocations=444 (full 27):
 PSYoungGen      total 268288K, used 266394K [0x00000000eab00000, 0x00000000fb800000, 0x0000000100000000)
  eden space 265216K, 100% used [0x00000000eab00000,0x00000000fae00000,0x00000000fae00000)
  from space 3072K, 38% used [0x00000000fb500000,0x00000000fb626880,0x00000000fb800000)
  to   space 5120K, 0% used [0x00000000fae00000,0x00000000fae00000,0x00000000fb300000)
 ParOldGen       total 345088K, used 210237K [0x00000000c0000000, 0x00000000d5100000, 0x00000000eab00000)
  object space 345088K, 60% used [0x00000000c0000000,0x00000000ccd4f6a8,0x00000000d5100000)
 Metaspace       used 148913K, capacity 157744K, committed 163456K, reserved 1193984K
  class space    used 15801K, capacity 18418K, committed 19584K, reserved 1048576K
Event: 59700.529 GC heap after
Heap after GC invocations=444 (full 27):
 PSYoungGen      total 270336K, used 1236K [0x00000000eab00000, 0x00000000fbf80000, 0x0000000100000000)
  eden space 265216K, 0% used [0x00000000eab00000,0x00000000eab00000,0x00000000fae00000)
  from space 5120K, 24% used [0x00000000fae00000,0x00000000faf35010,0x00000000fb300000)
  to   space 4608K, 0% used [0x00000000fbb00000,0x00000000fbb00000,0x00000000fbf80000)
 ParOldGen       total 345088K, used 210237K [0x00000000c0000000, 0x00000000d5100000, 0x00000000eab00000)
  object space 345088K, 60% used [0x00000000c0000000,0x00000000ccd4f6a8,0x00000000d5100000)
 Metaspace       used 148913K, capacity 157744K, committed 163456K, reserved 1193984K
  class space    used 15801K, capacity 18418K, committed 19584K, reserved 1048576K
}
Event: 59881.687 GC heap before
{Heap before GC invocations=445 (full 27):
 PSYoungGen      total 270336K, used 266452K [0x00000000eab00000, 0x00000000fbf80000, 0x0000000100000000)
  eden space 265216K, 100% used [0x00000000eab00000,0x00000000fae00000,0x00000000fae00000)
  from space 5120K, 24% used [0x00000000fae00000,0x00000000faf35010,0x00000000fb300000)
  to   space 4608K, 0% used [0x00000000fbb00000,0x00000000fbb00000,0x00000000fbf80000)
 ParOldGen       total 345088K, used 210237K [0x00000000c0000000, 0x00000000d5100000, 0x00000000eab00000)
  object space 345088K, 60% used [0x00000000c0000000,0x00000000ccd4f6a8,0x00000000d5100000)
 Metaspace       used 149553K, capacity 158510K, committed 163456K, reserved 1193984K
  class space    used 15831K, capacity 18487K, committed 19584K, reserved 1048576K
Event: 59881.700 GC heap after
Heap after GC invocations=445 (full 27):
 PSYoungGen      total 274432K, used 2244K [0x00000000eab00000, 0x00000000fbd80000, 0x0000000100000000)
  eden space 271872K, 0% used [0x00000000eab00000,0x00000000eab00000,0x00000000fb480000)
  from space 2560K, 87% used [0x00000000fbb00000,0x00000000fbd31040,0x00000000fbd80000)
  to   space 4608K, 0% used [0x00000000fb480000,0x00000000fb480000,0x00000000fb900000)
 ParOldGen       total 345088K, used 210253K [0x00000000c0000000, 0x00000000d5100000, 0x00000000eab00000)
  object space 345088K, 60% used [0x00000000c0000000,0x00000000ccd536a8,0x00000000d5100000)
 Metaspace       used 149553K, capacity 158510K, committed 163456K, reserved 1193984K
  class space    used 15831K, capacity 18487K, committed 19584K, reserved 1048576K
}
Event: 60182.196 GC heap before
{Heap before GC invocations=446 (full 27):
 PSYoungGen      total 274432K, used 274116K [0x00000000eab00000, 0x00000000fbd80000, 0x0000000100000000)
  eden space 271872K, 100% used [0x00000000eab00000,0x00000000fb480000,0x00000000fb480000)
  from space 2560K, 87% used [0x00000000fbb00000,0x00000000fbd31040,0x00000000fbd80000)
  to   space 4608K, 0% used [0x00000000fb480000,0x00000000fb480000,0x00000000fb900000)
 ParOldGen       total 345088K, used 210253K [0x00000000c0000000, 0x00000000d5100000, 0x00000000eab00000)
  object space 345088K, 60% used [0x00000000c0000000,0x00000000ccd536a8,0x00000000d5100000)
 Metaspace       used 149687K, capacity 158714K, committed 163712K, reserved 1193984K
  class space    used 15848K, capacity 18537K, committed 19584K, reserved 1048576K
Event: 60182.219 GC heap after
Heap after GC invocations=446 (full 27):
 PSYoungGen      total 266752K, used 4125K [0x00000000eab00000, 0x00000000fbb80000, 0x0000000100000000)
  eden space 262144K, 0% used [0x00000000eab00000,0x00000000eab00000,0x00000000fab00000)
  from space 4608K, 89% used [0x00000000fb480000,0x00000000fb887640,0x00000000fb900000)
  to   space 2560K, 0% used [0x00000000fb900000,0x00000000fb900000,0x00000000fbb80000)
 ParOldGen       total 345088K, used 210269K [0x00000000c0000000, 0x00000000d5100000, 0x00000000eab00000)
  object space 345088K, 60% used [0x00000000c0000000,0x00000000ccd576a8,0x00000000d5100000)
 Metaspace       used 149687K, capacity 158714K, committed 163712K, reserved 1193984K
  class space    used 15848K, capacity 18537K, committed 19584K, reserved 1048576K
}
Event: 60726.869 GC heap before
{Heap before GC invocations=447 (full 27):
 PSYoungGen      total 266752K, used 266269K [0x00000000eab00000, 0x00000000fbb80000, 0x0000000100000000)
  eden space 262144K, 100% used [0x00000000eab00000,0x00000000fab00000,0x00000000fab00000)
  from space 4608K, 89% used [0x00000000fb480000,0x00000000fb887640,0x00000000fb900000)
  to   space 2560K, 0% used [0x00000000fb900000,0x00000000fb900000,0x00000000fbb80000)
 ParOldGen       total 345088K, used 210269K [0x00000000c0000000, 0x00000000d5100000, 0x00000000eab00000)
  object space 345088K, 60% used [0x00000000c0000000,0x00000000ccd576a8,0x00000000d5100000)
 Metaspace       used 150068K, capacity 159104K, committed 163712K, reserved 1193984K
  class space    used 15854K, capacity 18538K, committed 19584K, reserved 1048576K
Event: 60726.999 GC heap after
Heap after GC invocations=447 (full 27):
 PSYoungGen      total 255488K, used 2533K [0x00000000eab00000, 0x00000000fbb80000, 0x0000000100000000)
  eden space 252928K, 0% used [0x00000000eab00000,0x00000000eab00000,0x00000000fa200000)
  from space 2560K, 98% used [0x00000000fb900000,0x00000000fbb79768,0x00000000fbb80000)
  to   space 5632K, 0% used [0x00000000fb080000,0x00000000fb080000,0x00000000fb600000)
 ParOldGen       total 345088K, used 211795K [0x00000000c0000000, 0x00000000d5100000, 0x00000000eab00000)
  object space 345088K, 61% used [0x00000000c0000000,0x00000000cced4eb8,0x00000000d5100000)
 Metaspace       used 150068K, capacity 159104K, committed 163712K, reserved 1193984K
  class space    used 15854K, capacity 18538K, committed 19584K, reserved 1048576K
}
Event: 60879.462 GC heap before
{Heap before GC invocations=448 (full 27):
 PSYoungGen      total 255488K, used 255461K [0x00000000eab00000, 0x00000000fbb80000, 0x0000000100000000)
  eden space 252928K, 100% used [0x00000000eab00000,0x00000000fa200000,0x00000000fa200000)
  from space 2560K, 98% used [0x00000000fb900000,0x00000000fbb79768,0x00000000fbb80000)
  to   space 5632K, 0% used [0x00000000fb080000,0x00000000fb080000,0x00000000fb600000)
 ParOldGen       total 345088K, used 211795K [0x00000000c0000000, 0x00000000d5100000, 0x00000000eab00000)
  object space 345088K, 61% used [0x00000000c0000000,0x00000000cced4eb8,0x00000000d5100000)
 Metaspace       used 150551K, capacity 159626K, committed 163712K, reserved 1193984K
  class space    used 15873K, capacity 18561K, committed 19584K, reserved 1048576K
Event: 60879.498 GC heap after
Heap after GC invocations=448 (full 27):
 PSYoungGen      total 247808K, used 3396K [0x00000000eab00000, 0x00000000fb980000, 0x0000000100000000)
  eden space 244224K, 0% used [0x00000000eab00000,0x00000000eab00000,0x00000000f9980000)
  from space 3584K, 94% used [0x00000000fb080000,0x00000000fb3d1368,0x00000000fb400000)
  to   space 5632K, 0% used [0x00000000fb400000,0x00000000fb400000,0x00000000fb980000)
 ParOldGen       total 345088K, used 211795K [0x00000000c0000000, 0x00000000d5100000, 0x00000000eab00000)
  object space 345088K, 61% used [0x00000000c0000000,0x00000000cced4eb8,0x00000000d5100000)
 Metaspace       used 150551K, capacity 159626K, committed 163712K, reserved 1193984K
  class space    used 15873K, capacity 18561K, committed 19584K, reserved 1048576K
}

